2013-04-08 15:22:17 [main] INFO org.springframework.web.context.ContextLoader [File ContextLoader.java 273] - Root WebApplicationContext: initialization started
2013-04-08 15:22:17 [main] INFO org.springframework.web.context.support.XmlWebApplicationContext [File AbstractApplicationContext.java 510] - Refreshing Root WebApplicationContext: startup date [Mon Apr 08 15:22:17 CST 2013]; root of context hierarchy
2013-04-08 15:22:17 [main] INFO org.springframework.beans.factory.xml.XmlBeanDefinitionReader [File XmlBeanDefinitionReader.java 315] - Loading XML bean definitions from file [F:\GitHub\canditu\cmapweb\target\classes\spring\applicationContext-cache.xml]
2013-04-08 15:22:17 [main] INFO org.springframework.beans.factory.xml.XmlBeanDefinitionReader [File XmlBeanDefinitionReader.java 315] - Loading XML bean definitions from file [F:\GitHub\canditu\cmapweb\target\classes\spring\applicationContext-jdbc.xml]
2013-04-08 15:22:17 [main] INFO org.springframework.beans.factory.xml.XmlBeanDefinitionReader [File XmlBeanDefinitionReader.java 315] - Loading XML bean definitions from file [F:\GitHub\canditu\cmapweb\target\classes\spring\applicationContext-tx.xml]
2013-04-08 15:22:17 [main] INFO org.springframework.beans.factory.xml.XmlBeanDefinitionReader [File XmlBeanDefinitionReader.java 315] - Loading XML bean definitions from file [F:\GitHub\canditu\cmapweb\target\classes\spring\applicationContext.xml]
2013-04-08 15:22:17 [main] INFO org.springframework.context.annotation.ClassPathBeanDefinitionScanner [File ClassPathScanningCandidateComponentProvider.java 222] - JSR-250 'javax.annotation.ManagedBean' found and supported for component scanning
2013-04-08 15:22:17 [main] INFO org.springframework.context.annotation.ClassPathBeanDefinitionScanner [File ClassPathScanningCandidateComponentProvider.java 230] - JSR-330 'javax.inject.Named' annotation found and supported for component scanning
2013-04-08 15:22:18 [main] INFO org.springframework.beans.factory.config.PropertyPlaceholderConfigurer [File PropertiesLoaderSupport.java 172] - Loading properties file from class path resource [config/jdbc.properties]
2013-04-08 15:22:18 [main] INFO org.springframework.beans.factory.annotation.AutowiredAnnotationBeanPostProcessor [File AutowiredAnnotationBeanPostProcessor.java 140] - JSR-330 'javax.inject.Inject' annotation found and supported for autowiring
2013-04-08 15:22:18 [main] INFO org.springframework.beans.factory.annotation.AutowiredAnnotationBeanPostProcessor [File AutowiredAnnotationBeanPostProcessor.java 140] - JSR-330 'javax.inject.Inject' annotation found and supported for autowiring
2013-04-08 15:22:18 [main] INFO org.springframework.cache.ehcache.EhCacheManagerFactoryBean [File EhCacheManagerFactoryBean.java 110] - Initializing EhCache CacheManager
2013-04-08 15:27:06 [main] INFO org.springframework.web.context.ContextLoader [File ContextLoader.java 273] - Root WebApplicationContext: initialization started
2013-04-08 15:27:07 [main] INFO org.springframework.web.context.support.XmlWebApplicationContext [File AbstractApplicationContext.java 510] - Refreshing Root WebApplicationContext: startup date [Mon Apr 08 15:27:07 CST 2013]; root of context hierarchy
2013-04-08 15:27:07 [main] INFO org.springframework.beans.factory.xml.XmlBeanDefinitionReader [File XmlBeanDefinitionReader.java 315] - Loading XML bean definitions from file [F:\GitHub\canditu\cmapweb\target\classes\spring\applicationContext-cache.xml]
2013-04-08 15:27:07 [main] INFO org.springframework.beans.factory.xml.XmlBeanDefinitionReader [File XmlBeanDefinitionReader.java 315] - Loading XML bean definitions from file [F:\GitHub\canditu\cmapweb\target\classes\spring\applicationContext-jdbc.xml]
2013-04-08 15:27:07 [main] INFO org.springframework.beans.factory.xml.XmlBeanDefinitionReader [File XmlBeanDefinitionReader.java 315] - Loading XML bean definitions from file [F:\GitHub\canditu\cmapweb\target\classes\spring\applicationContext-tx.xml]
2013-04-08 15:27:07 [main] INFO org.springframework.beans.factory.xml.XmlBeanDefinitionReader [File XmlBeanDefinitionReader.java 315] - Loading XML bean definitions from file [F:\GitHub\canditu\cmapweb\target\classes\spring\applicationContext.xml]
2013-04-08 15:27:07 [main] INFO org.springframework.context.annotation.ClassPathBeanDefinitionScanner [File ClassPathScanningCandidateComponentProvider.java 222] - JSR-250 'javax.annotation.ManagedBean' found and supported for component scanning
2013-04-08 15:27:07 [main] INFO org.springframework.context.annotation.ClassPathBeanDefinitionScanner [File ClassPathScanningCandidateComponentProvider.java 230] - JSR-330 'javax.inject.Named' annotation found and supported for component scanning
2013-04-08 15:27:07 [main] INFO org.springframework.beans.factory.config.PropertyPlaceholderConfigurer [File PropertiesLoaderSupport.java 172] - Loading properties file from class path resource [config/jdbc.properties]
2013-04-08 15:27:07 [main] INFO org.springframework.beans.factory.annotation.AutowiredAnnotationBeanPostProcessor [File AutowiredAnnotationBeanPostProcessor.java 140] - JSR-330 'javax.inject.Inject' annotation found and supported for autowiring
2013-04-08 15:27:07 [main] INFO org.springframework.beans.factory.annotation.AutowiredAnnotationBeanPostProcessor [File AutowiredAnnotationBeanPostProcessor.java 140] - JSR-330 'javax.inject.Inject' annotation found and supported for autowiring
2013-04-08 15:27:07 [main] INFO org.springframework.cache.ehcache.EhCacheManagerFactoryBean [File EhCacheManagerFactoryBean.java 110] - Initializing EhCache CacheManager
2013-04-08 15:27:08 [main] WARN com.jolbox.bonecp.BoneCPConfig [File BoneCPConfig.java 315] - Please use setIdleConnectionTestPeriodInMinutes in place of setIdleConnectionTestPeriod. This method has been deprecated.
2013-04-08 15:27:08 [main] WARN com.jolbox.bonecp.BoneCPConfig [File BoneCPConfig.java 414] - Please use setIdleMaxAgeInMinutes in place of setIdleMaxAge. This method has been deprecated.
2013-04-08 15:27:08 [main] INFO org.springframework.beans.factory.support.DefaultListableBeanFactory [File DefaultSingletonBeanRegistry.java 444] - Destroying singletons in org.springframework.beans.factory.support.DefaultListableBeanFactory@715750ed: defining beans [org.springframework.aop.config.internalAutoProxyCreator,com.googlecode.ehcache.annotations.key.CachingReflectionHelper,com.googlecode.ehcache.annotations.key.ListCacheKeyGenerator.DEFAULT_BEAN_NAME,com.googlecode.ehcache.annotations.key.HashCodeCacheKeyGenerator.DEFAULT_BEAN_NAME,com.googlecode.ehcache.annotations.key.MessageDigestCacheKeyGenerator.DEFAULT_BEAN_NAME,com.googlecode.ehcache.annotations.key.ReflectionHashCodeCacheKeyGenerator.DEFAULT_BEAN_NAME,com.googlecode.ehcache.annotations.key.StringCacheKeyGenerator.DEFAULT_BEAN_NAME,com.googlecode.ehcache.annotations.impl.CacheAttributeSourceImpl#0,com.googlecode.ehcache.annotations.impl.CacheStaticMethodMatcherPointcut#0,com.googlecode.ehcache.annotations.interceptor.EhCacheInterceptor#0,com.googlecode.ehcache.annotations.config.internalEhCacheCachingAdvisor,ehcacheMgr,dataSource,lazyDataSource,entityManagerFactory,txManager,txAdvice,interceptorPointCuts,org.springframework.aop.support.DefaultBeanFactoryPointcutAdvisor#0,propertyConfigurer,kaptchaProducer,org.springframework.beans.factory.annotation.AutowiredAnnotationBeanPostProcessor#0,org.springframework.context.annotation.internalConfigurationAnnotationProcessor,org.springframework.context.annotation.internalAutowiredAnnotationProcessor,org.springframework.context.annotation.internalRequiredAnnotationProcessor,org.springframework.context.annotation.internalCommonAnnotationProcessor,org.springframework.context.annotation.internalPersistenceAnnotationProcessor,org.springframework.context.annotation.ConfigurationClassPostProcessor.importAwareProcessor]; root of factory hierarchy
2013-04-08 15:27:08 [main] INFO com.jolbox.bonecp.BoneCP [File BoneCP.java 156] - Shutting down connection pool...
2013-04-08 15:27:08 [main] INFO com.jolbox.bonecp.BoneCP [File BoneCP.java 177] - Connection pool has been shutdown.
2013-04-08 15:27:08 [main] INFO org.springframework.cache.ehcache.EhCacheManagerFactoryBean [File EhCacheManagerFactoryBean.java 164] - Shutting down EhCache CacheManager
2013-04-08 15:29:06 [main] INFO org.springframework.web.context.ContextLoader [File ContextLoader.java 273] - Root WebApplicationContext: initialization started
2013-04-08 15:29:06 [main] INFO org.springframework.web.context.support.XmlWebApplicationContext [File AbstractApplicationContext.java 510] - Refreshing Root WebApplicationContext: startup date [Mon Apr 08 15:29:06 CST 2013]; root of context hierarchy
2013-04-08 15:29:06 [main] INFO org.springframework.beans.factory.xml.XmlBeanDefinitionReader [File XmlBeanDefinitionReader.java 315] - Loading XML bean definitions from file [F:\GitHub\canditu\cmapweb\target\classes\spring\applicationContext-cache.xml]
2013-04-08 15:29:07 [main] INFO org.springframework.beans.factory.xml.XmlBeanDefinitionReader [File XmlBeanDefinitionReader.java 315] - Loading XML bean definitions from file [F:\GitHub\canditu\cmapweb\target\classes\spring\applicationContext-jdbc.xml]
2013-04-08 15:29:07 [main] INFO org.springframework.beans.factory.xml.XmlBeanDefinitionReader [File XmlBeanDefinitionReader.java 315] - Loading XML bean definitions from file [F:\GitHub\canditu\cmapweb\target\classes\spring\applicationContext-tx.xml]
2013-04-08 15:29:07 [main] INFO org.springframework.beans.factory.xml.XmlBeanDefinitionReader [File XmlBeanDefinitionReader.java 315] - Loading XML bean definitions from file [F:\GitHub\canditu\cmapweb\target\classes\spring\applicationContext.xml]
2013-04-08 15:29:07 [main] INFO org.springframework.context.annotation.ClassPathBeanDefinitionScanner [File ClassPathScanningCandidateComponentProvider.java 222] - JSR-250 'javax.annotation.ManagedBean' found and supported for component scanning
2013-04-08 15:29:07 [main] INFO org.springframework.context.annotation.ClassPathBeanDefinitionScanner [File ClassPathScanningCandidateComponentProvider.java 230] - JSR-330 'javax.inject.Named' annotation found and supported for component scanning
2013-04-08 15:29:07 [main] INFO org.springframework.beans.factory.config.PropertyPlaceholderConfigurer [File PropertiesLoaderSupport.java 172] - Loading properties file from class path resource [config/jdbc.properties]
2013-04-08 15:29:07 [main] INFO org.springframework.beans.factory.annotation.AutowiredAnnotationBeanPostProcessor [File AutowiredAnnotationBeanPostProcessor.java 140] - JSR-330 'javax.inject.Inject' annotation found and supported for autowiring
2013-04-08 15:29:07 [main] INFO org.springframework.beans.factory.annotation.AutowiredAnnotationBeanPostProcessor [File AutowiredAnnotationBeanPostProcessor.java 140] - JSR-330 'javax.inject.Inject' annotation found and supported for autowiring
2013-04-08 15:29:07 [main] INFO org.springframework.cache.ehcache.EhCacheManagerFactoryBean [File EhCacheManagerFactoryBean.java 110] - Initializing EhCache CacheManager
2013-04-08 15:29:08 [main] WARN com.jolbox.bonecp.BoneCPConfig [File BoneCPConfig.java 315] - Please use setIdleConnectionTestPeriodInMinutes in place of setIdleConnectionTestPeriod. This method has been deprecated.
2013-04-08 15:29:08 [main] WARN com.jolbox.bonecp.BoneCPConfig [File BoneCPConfig.java 414] - Please use setIdleMaxAgeInMinutes in place of setIdleMaxAge. This method has been deprecated.
2013-04-08 15:29:08 [main] INFO org.springframework.orm.jpa.LocalContainerEntityManagerFactoryBean [File LocalContainerEntityManagerFactoryBean.java 285] - Building JPA container EntityManagerFactory for persistence unit 'jpa-unit'
2013-04-08 15:29:08 [main] INFO org.hibernate.annotations.common.Version [File Version.java 37] - Hibernate Commons Annotations 3.2.0.Final
2013-04-08 15:29:08 [main] INFO org.hibernate.cfg.Environment [File Environment.java 603] - Hibernate 3.6.9.Final
2013-04-08 15:29:08 [main] INFO org.hibernate.cfg.Environment [File Environment.java 636] - hibernate.properties not found
2013-04-08 15:29:08 [main] INFO org.hibernate.cfg.Environment [File Environment.java 814] - Bytecode provider name : javassist
2013-04-08 15:29:08 [main] INFO org.hibernate.cfg.Environment [File Environment.java 695] - using JDK 1.4 java.sql.Timestamp handling
2013-04-08 15:29:08 [main] INFO org.hibernate.ejb.Version [File Version.java 42] - Hibernate EntityManager 3.6.9.Final
2013-04-08 15:29:08 [main] INFO org.hibernate.ejb.Ejb3Configuration [File Ejb3Configuration.java 523] - Processing PersistenceUnitInfo [
	name: jpa-unit
	...]
2013-04-08 15:29:08 [main] INFO org.hibernate.cfg.AnnotationBinder [File AnnotationBinder.java 532] - Binding entity from annotated class: com.fc.cmapweb.vo.AD
2013-04-08 15:29:08 [main] INFO org.hibernate.cfg.annotations.EntityBinder [File EntityBinder.java 530] - Bind entity com.fc.cmapweb.vo.AD on table AD
2013-04-08 15:29:09 [main] INFO org.hibernate.cfg.AnnotationBinder [File AnnotationBinder.java 532] - Binding entity from annotated class: com.fc.cmapweb.vo.ADBldg
2013-04-08 15:29:09 [main] INFO org.hibernate.cfg.annotations.EntityBinder [File EntityBinder.java 530] - Bind entity com.fc.cmapweb.vo.ADBldg on table AD_BLDG
2013-04-08 15:29:09 [main] INFO org.hibernate.cfg.AnnotationBinder [File AnnotationBinder.java 532] - Binding entity from annotated class: com.fc.cmapweb.vo.Bldg
2013-04-08 15:29:09 [main] INFO org.hibernate.cfg.annotations.EntityBinder [File EntityBinder.java 530] - Bind entity com.fc.cmapweb.vo.Bldg on table BLDG
2013-04-08 15:29:09 [main] INFO org.hibernate.cfg.AnnotationBinder [File AnnotationBinder.java 532] - Binding entity from annotated class: com.fc.cmapweb.vo.ComboDish
2013-04-08 15:29:09 [main] INFO org.hibernate.cfg.annotations.EntityBinder [File EntityBinder.java 530] - Bind entity com.fc.cmapweb.vo.ComboDish on table COMBO_DISH
2013-04-08 15:29:09 [main] INFO org.hibernate.cfg.AnnotationBinder [File AnnotationBinder.java 532] - Binding entity from annotated class: com.fc.cmapweb.vo.Customer
2013-04-08 15:29:09 [main] INFO org.hibernate.cfg.annotations.EntityBinder [File EntityBinder.java 530] - Bind entity com.fc.cmapweb.vo.Customer on table CUSTOMER
2013-04-08 15:29:09 [main] INFO org.hibernate.cfg.AnnotationBinder [File AnnotationBinder.java 532] - Binding entity from annotated class: com.fc.cmapweb.vo.Dish
2013-04-08 15:29:09 [main] INFO org.hibernate.cfg.annotations.EntityBinder [File EntityBinder.java 530] - Bind entity com.fc.cmapweb.vo.Dish on table DISH
2013-04-08 15:29:09 [main] INFO org.hibernate.cfg.AnnotationBinder [File AnnotationBinder.java 532] - Binding entity from annotated class: com.fc.cmapweb.vo.DishCatType
2013-04-08 15:29:09 [main] INFO org.hibernate.cfg.annotations.EntityBinder [File EntityBinder.java 530] - Bind entity com.fc.cmapweb.vo.DishCatType on table DISH_CAT_TYPE
2013-04-08 15:29:09 [main] INFO org.hibernate.cfg.AnnotationBinder [File AnnotationBinder.java 532] - Binding entity from annotated class: com.fc.cmapweb.vo.DishInfo
2013-04-08 15:29:09 [main] INFO org.hibernate.cfg.annotations.EntityBinder [File EntityBinder.java 530] - Bind entity com.fc.cmapweb.vo.DishInfo on table DISH_INFO
2013-04-08 15:29:09 [main] INFO org.hibernate.cfg.AnnotationBinder [File AnnotationBinder.java 532] - Binding entity from annotated class: com.fc.cmapweb.vo.DishOptions
2013-04-08 15:29:09 [main] INFO org.hibernate.cfg.annotations.EntityBinder [File EntityBinder.java 530] - Bind entity com.fc.cmapweb.vo.DishOptions on table DISH_OPTIONS
2013-04-08 15:29:09 [main] INFO org.hibernate.cfg.AnnotationBinder [File AnnotationBinder.java 532] - Binding entity from annotated class: com.fc.cmapweb.vo.DishTagType
2013-04-08 15:29:09 [main] INFO org.hibernate.cfg.annotations.EntityBinder [File EntityBinder.java 530] - Bind entity com.fc.cmapweb.vo.DishTagType on table DISH_TAG_TYPE
2013-04-08 15:29:09 [main] INFO org.hibernate.cfg.AnnotationBinder [File AnnotationBinder.java 532] - Binding entity from annotated class: com.fc.cmapweb.vo.District
2013-04-08 15:29:09 [main] INFO org.hibernate.cfg.annotations.EntityBinder [File EntityBinder.java 530] - Bind entity com.fc.cmapweb.vo.District on table DISTRICT
2013-04-08 15:29:09 [main] INFO org.hibernate.cfg.AnnotationBinder [File AnnotationBinder.java 532] - Binding entity from annotated class: com.fc.cmapweb.vo.DlvyAddr
2013-04-08 15:29:09 [main] INFO org.hibernate.cfg.annotations.EntityBinder [File EntityBinder.java 530] - Bind entity com.fc.cmapweb.vo.DlvyAddr on table DLVY_ADDR
2013-04-08 15:29:09 [main] INFO org.hibernate.cfg.AnnotationBinder [File AnnotationBinder.java 532] - Binding entity from annotated class: com.fc.cmapweb.vo.DlvyTime
2013-04-08 15:29:09 [main] INFO org.hibernate.cfg.annotations.EntityBinder [File EntityBinder.java 530] - Bind entity com.fc.cmapweb.vo.DlvyTime on table DLVY_TIME
2013-04-08 15:29:09 [main] INFO org.hibernate.cfg.AnnotationBinder [File AnnotationBinder.java 532] - Binding entity from annotated class: com.fc.cmapweb.vo.OrderDetail
2013-04-08 15:29:09 [main] INFO org.hibernate.cfg.annotations.EntityBinder [File EntityBinder.java 530] - Bind entity com.fc.cmapweb.vo.OrderDetail on table ORDER_DETAIL
2013-04-08 15:29:09 [main] INFO org.hibernate.cfg.AnnotationBinder [File AnnotationBinder.java 532] - Binding entity from annotated class: com.fc.cmapweb.vo.OrderInfo
2013-04-08 15:29:09 [main] INFO org.hibernate.cfg.annotations.EntityBinder [File EntityBinder.java 530] - Bind entity com.fc.cmapweb.vo.OrderInfo on table ORDER_INFO
2013-04-08 15:29:09 [main] INFO org.hibernate.cfg.AnnotationBinder [File AnnotationBinder.java 532] - Binding entity from annotated class: com.fc.cmapweb.vo.PrintData
2013-04-08 15:29:09 [main] INFO org.hibernate.cfg.annotations.EntityBinder [File EntityBinder.java 530] - Bind entity com.fc.cmapweb.vo.PrintData on table PRINT_DATA
2013-04-08 15:29:09 [main] INFO org.hibernate.cfg.AnnotationBinder [File AnnotationBinder.java 532] - Binding entity from annotated class: com.fc.cmapweb.vo.PrintDataDetail
2013-04-08 15:29:09 [main] INFO org.hibernate.cfg.annotations.EntityBinder [File EntityBinder.java 530] - Bind entity com.fc.cmapweb.vo.PrintDataDetail on table PRINT_DATA_DETAIL
2013-04-08 15:29:09 [main] INFO org.hibernate.cfg.AnnotationBinder [File AnnotationBinder.java 532] - Binding entity from annotated class: com.fc.cmapweb.vo.PrinterInfo
2013-04-08 15:29:09 [main] INFO org.hibernate.cfg.annotations.EntityBinder [File EntityBinder.java 530] - Bind entity com.fc.cmapweb.vo.PrinterInfo on table PRINTER_INFO
2013-04-08 15:29:09 [main] INFO org.hibernate.cfg.AnnotationBinder [File AnnotationBinder.java 532] - Binding entity from annotated class: com.fc.cmapweb.vo.QueryParams
2013-04-08 15:29:09 [main] INFO org.hibernate.cfg.annotations.EntityBinder [File EntityBinder.java 530] - Bind entity com.fc.cmapweb.vo.QueryParams on table QUERY_PARAMS
2013-04-08 15:29:09 [main] INFO org.hibernate.cfg.AnnotationBinder [File AnnotationBinder.java 532] - Binding entity from annotated class: com.fc.cmapweb.vo.RcdRest
2013-04-08 15:29:09 [main] INFO org.hibernate.cfg.annotations.EntityBinder [File EntityBinder.java 530] - Bind entity com.fc.cmapweb.vo.RcdRest on table RCD_REST
2013-04-08 15:29:09 [main] INFO org.hibernate.cfg.AnnotationBinder [File AnnotationBinder.java 532] - Binding entity from annotated class: com.fc.cmapweb.vo.Restaurant
2013-04-08 15:29:09 [main] INFO org.hibernate.cfg.annotations.EntityBinder [File EntityBinder.java 530] - Bind entity com.fc.cmapweb.vo.Restaurant on table RESTAURANT
2013-04-08 15:29:09 [main] INFO org.hibernate.cfg.AnnotationBinder [File AnnotationBinder.java 532] - Binding entity from annotated class: com.fc.cmapweb.vo.RestCat
2013-04-08 15:29:09 [main] INFO org.hibernate.cfg.annotations.EntityBinder [File EntityBinder.java 530] - Bind entity com.fc.cmapweb.vo.RestCat on table REST_CAT
2013-04-08 15:29:09 [main] INFO org.hibernate.cfg.AnnotationBinder [File AnnotationBinder.java 532] - Binding entity from annotated class: com.fc.cmapweb.vo.RestCatType
2013-04-08 15:29:09 [main] INFO org.hibernate.cfg.annotations.EntityBinder [File EntityBinder.java 530] - Bind entity com.fc.cmapweb.vo.RestCatType on table REST_CAT_TYPE
2013-04-08 15:29:09 [main] INFO org.hibernate.cfg.AnnotationBinder [File AnnotationBinder.java 532] - Binding entity from annotated class: com.fc.cmapweb.vo.RestCmt
2013-04-08 15:29:09 [main] INFO org.hibernate.cfg.annotations.EntityBinder [File EntityBinder.java 530] - Bind entity com.fc.cmapweb.vo.RestCmt on table REST_CMT
2013-04-08 15:29:09 [main] INFO org.hibernate.cfg.AnnotationBinder [File AnnotationBinder.java 532] - Binding entity from annotated class: com.fc.cmapweb.vo.RestColl
2013-04-08 15:29:09 [main] INFO org.hibernate.cfg.annotations.EntityBinder [File EntityBinder.java 530] - Bind entity com.fc.cmapweb.vo.RestColl on table rest_coll
2013-04-08 15:29:09 [main] INFO org.hibernate.cfg.AnnotationBinder [File AnnotationBinder.java 532] - Binding entity from annotated class: com.fc.cmapweb.vo.RestDlvyTime
2013-04-08 15:29:09 [main] INFO org.hibernate.cfg.annotations.EntityBinder [File EntityBinder.java 530] - Bind entity com.fc.cmapweb.vo.RestDlvyTime on table rest_dlvy_time
2013-04-08 15:29:09 [main] INFO org.hibernate.cfg.AnnotationBinder [File AnnotationBinder.java 532] - Binding entity from annotated class: com.fc.cmapweb.vo.RestEval
2013-04-08 15:29:09 [main] INFO org.hibernate.cfg.annotations.EntityBinder [File EntityBinder.java 530] - Bind entity com.fc.cmapweb.vo.RestEval on table REST_EVAL
2013-04-08 15:29:09 [main] INFO org.hibernate.cfg.AnnotationBinder [File AnnotationBinder.java 532] - Binding entity from annotated class: com.fc.cmapweb.vo.RestIco
2013-04-08 15:29:09 [main] INFO org.hibernate.cfg.annotations.EntityBinder [File EntityBinder.java 530] - Bind entity com.fc.cmapweb.vo.RestIco on table REST_ICO
2013-04-08 15:29:09 [main] INFO org.hibernate.cfg.AnnotationBinder [File AnnotationBinder.java 532] - Binding entity from annotated class: com.fc.cmapweb.vo.RestInfo
2013-04-08 15:29:09 [main] INFO org.hibernate.cfg.annotations.EntityBinder [File EntityBinder.java 530] - Bind entity com.fc.cmapweb.vo.RestInfo on table REST_INFO
2013-04-08 15:29:09 [main] INFO org.hibernate.cfg.AnnotationBinder [File AnnotationBinder.java 532] - Binding entity from annotated class: com.fc.cmapweb.vo.RestStatusType
2013-04-08 15:29:09 [main] INFO org.hibernate.cfg.annotations.EntityBinder [File EntityBinder.java 530] - Bind entity com.fc.cmapweb.vo.RestStatusType on table REST_STATUS_TYPE
2013-04-08 15:29:09 [main] INFO org.hibernate.cfg.AnnotationBinder [File AnnotationBinder.java 532] - Binding entity from annotated class: com.fc.cmapweb.vo.RestTag
2013-04-08 15:29:09 [main] INFO org.hibernate.cfg.annotations.EntityBinder [File EntityBinder.java 530] - Bind entity com.fc.cmapweb.vo.RestTag on table REST_TAG
2013-04-08 15:29:09 [main] INFO org.hibernate.cfg.AnnotationBinder [File AnnotationBinder.java 532] - Binding entity from annotated class: com.fc.cmapweb.vo.RestTagType
2013-04-08 15:29:09 [main] INFO org.hibernate.cfg.annotations.EntityBinder [File EntityBinder.java 530] - Bind entity com.fc.cmapweb.vo.RestTagType on table REST_TAG_TYPE
2013-04-08 15:29:09 [main] INFO org.hibernate.cfg.AnnotationBinder [File AnnotationBinder.java 532] - Binding entity from annotated class: com.fc.cmapweb.vo.RestUsr
2013-04-08 15:29:09 [main] INFO org.hibernate.cfg.annotations.EntityBinder [File EntityBinder.java 530] - Bind entity com.fc.cmapweb.vo.RestUsr on table rest_usr
2013-04-08 15:29:09 [main] INFO org.hibernate.cfg.AnnotationBinder [File AnnotationBinder.java 532] - Binding entity from annotated class: com.fc.cmapweb.vo.Role
2013-04-08 15:29:09 [main] INFO org.hibernate.cfg.annotations.EntityBinder [File EntityBinder.java 530] - Bind entity com.fc.cmapweb.vo.Role on table role
2013-04-08 15:29:09 [main] INFO org.hibernate.cfg.AnnotationBinder [File AnnotationBinder.java 532] - Binding entity from annotated class: com.fc.cmapweb.vo.RolePrivilege
2013-04-08 15:29:09 [main] INFO org.hibernate.cfg.annotations.EntityBinder [File EntityBinder.java 530] - Bind entity com.fc.cmapweb.vo.RolePrivilege on table role_privilege
2013-04-08 15:29:09 [main] INFO org.hibernate.cfg.AnnotationBinder [File AnnotationBinder.java 532] - Binding entity from annotated class: com.fc.cmapweb.vo.StubDishInfoType
2013-04-08 15:29:09 [main] INFO org.hibernate.cfg.annotations.EntityBinder [File EntityBinder.java 530] - Bind entity com.fc.cmapweb.vo.StubDishInfoType on table stub_dish_info_type
2013-04-08 15:29:09 [main] INFO org.hibernate.cfg.AnnotationBinder [File AnnotationBinder.java 532] - Binding entity from annotated class: com.fc.cmapweb.vo.StubDishRule
2013-04-08 15:29:09 [main] INFO org.hibernate.cfg.annotations.EntityBinder [File EntityBinder.java 530] - Bind entity com.fc.cmapweb.vo.StubDishRule on table stub_dish_rule
2013-04-08 15:29:09 [main] INFO org.hibernate.cfg.AnnotationBinder [File AnnotationBinder.java 532] - Binding entity from annotated class: com.fc.cmapweb.vo.StubModule
2013-04-08 15:29:09 [main] INFO org.hibernate.cfg.annotations.EntityBinder [File EntityBinder.java 530] - Bind entity com.fc.cmapweb.vo.StubModule on table stub_module
2013-04-08 15:29:09 [main] INFO org.hibernate.cfg.AnnotationBinder [File AnnotationBinder.java 532] - Binding entity from annotated class: com.fc.cmapweb.vo.StubOAuthType
2013-04-08 15:29:09 [main] INFO org.hibernate.cfg.annotations.EntityBinder [File EntityBinder.java 530] - Bind entity com.fc.cmapweb.vo.StubOAuthType on table stub_oauth_type
2013-04-08 15:29:09 [main] INFO org.hibernate.cfg.AnnotationBinder [File AnnotationBinder.java 532] - Binding entity from annotated class: com.fc.cmapweb.vo.StubOperation
2013-04-08 15:29:09 [main] INFO org.hibernate.cfg.annotations.EntityBinder [File EntityBinder.java 530] - Bind entity com.fc.cmapweb.vo.StubOperation on table stub_operation
2013-04-08 15:29:09 [main] INFO org.hibernate.cfg.AnnotationBinder [File AnnotationBinder.java 532] - Binding entity from annotated class: com.fc.cmapweb.vo.StubOrderStatus
2013-04-08 15:29:09 [main] INFO org.hibernate.cfg.annotations.EntityBinder [File EntityBinder.java 530] - Bind entity com.fc.cmapweb.vo.StubOrderStatus on table stub_order_status
2013-04-08 15:29:09 [main] INFO org.hibernate.cfg.AnnotationBinder [File AnnotationBinder.java 532] - Binding entity from annotated class: com.fc.cmapweb.vo.StubPrivilege
2013-04-08 15:29:09 [main] INFO org.hibernate.cfg.annotations.EntityBinder [File EntityBinder.java 530] - Bind entity com.fc.cmapweb.vo.StubPrivilege on table stub_privilege
2013-04-08 15:29:09 [main] INFO org.hibernate.cfg.AnnotationBinder [File AnnotationBinder.java 532] - Binding entity from annotated class: com.fc.cmapweb.vo.StubRestEvalType
2013-04-08 15:29:09 [main] INFO org.hibernate.cfg.annotations.EntityBinder [File EntityBinder.java 530] - Bind entity com.fc.cmapweb.vo.StubRestEvalType on table stub_rest_eval_type
2013-04-08 15:29:09 [main] INFO org.hibernate.cfg.AnnotationBinder [File AnnotationBinder.java 532] - Binding entity from annotated class: com.fc.cmapweb.vo.StubRestIcoType
2013-04-08 15:29:09 [main] INFO org.hibernate.cfg.annotations.EntityBinder [File EntityBinder.java 530] - Bind entity com.fc.cmapweb.vo.StubRestIcoType on table stub_rest_ico_type
2013-04-08 15:29:09 [main] INFO org.hibernate.cfg.AnnotationBinder [File AnnotationBinder.java 532] - Binding entity from annotated class: com.fc.cmapweb.vo.StubRestInfoType
2013-04-08 15:29:09 [main] INFO org.hibernate.cfg.annotations.EntityBinder [File EntityBinder.java 530] - Bind entity com.fc.cmapweb.vo.StubRestInfoType on table stub_rest_info_type
2013-04-08 15:29:09 [main] INFO org.hibernate.cfg.AnnotationBinder [File AnnotationBinder.java 532] - Binding entity from annotated class: com.fc.cmapweb.vo.StubTransType
2013-04-08 15:29:09 [main] INFO org.hibernate.cfg.annotations.EntityBinder [File EntityBinder.java 530] - Bind entity com.fc.cmapweb.vo.StubTransType on table stub_trans_type
2013-04-08 15:29:09 [main] INFO org.hibernate.cfg.AnnotationBinder [File AnnotationBinder.java 532] - Binding entity from annotated class: com.fc.cmapweb.vo.StubUsrInfoType
2013-04-08 15:29:09 [main] INFO org.hibernate.cfg.annotations.EntityBinder [File EntityBinder.java 530] - Bind entity com.fc.cmapweb.vo.StubUsrInfoType on table stub_usr_info_type
2013-04-08 15:29:09 [main] INFO org.hibernate.cfg.AnnotationBinder [File AnnotationBinder.java 532] - Binding entity from annotated class: com.fc.cmapweb.vo.StubUsrType
2013-04-08 15:29:09 [main] INFO org.hibernate.cfg.annotations.EntityBinder [File EntityBinder.java 530] - Bind entity com.fc.cmapweb.vo.StubUsrType on table stub_usr_type
2013-04-08 15:29:09 [main] INFO org.hibernate.cfg.AnnotationBinder [File AnnotationBinder.java 532] - Binding entity from annotated class: com.fc.cmapweb.vo.StubUsrTypePrivilege
2013-04-08 15:29:09 [main] INFO org.hibernate.cfg.annotations.EntityBinder [File EntityBinder.java 530] - Bind entity com.fc.cmapweb.vo.StubUsrTypePrivilege on table stub_usr_type_privilege
2013-04-08 15:29:09 [main] INFO org.hibernate.cfg.AnnotationBinder [File AnnotationBinder.java 532] - Binding entity from annotated class: com.fc.cmapweb.vo.Usr
2013-04-08 15:29:09 [main] INFO org.hibernate.cfg.annotations.EntityBinder [File EntityBinder.java 530] - Bind entity com.fc.cmapweb.vo.Usr on table usr
2013-04-08 15:29:09 [main] INFO org.hibernate.cfg.AnnotationBinder [File AnnotationBinder.java 532] - Binding entity from annotated class: com.fc.cmapweb.vo.UsrInfo
2013-04-08 15:29:09 [main] INFO org.hibernate.cfg.annotations.EntityBinder [File EntityBinder.java 530] - Bind entity com.fc.cmapweb.vo.UsrInfo on table usr_info
2013-04-08 15:29:09 [main] INFO org.hibernate.cfg.AnnotationBinder [File AnnotationBinder.java 532] - Binding entity from annotated class: com.fc.cmapweb.vo.UsrPasswdHist
2013-04-08 15:29:09 [main] INFO org.hibernate.cfg.annotations.EntityBinder [File EntityBinder.java 530] - Bind entity com.fc.cmapweb.vo.UsrPasswdHist on table usr_passwd_hist
2013-04-08 15:29:09 [main] INFO org.hibernate.cfg.AnnotationBinder [File AnnotationBinder.java 532] - Binding entity from annotated class: com.fc.cmapweb.vo.UsrRole
2013-04-08 15:29:09 [main] INFO org.hibernate.cfg.annotations.EntityBinder [File EntityBinder.java 530] - Bind entity com.fc.cmapweb.vo.UsrRole on table usr_role
2013-04-08 15:29:09 [main] INFO org.hibernate.cfg.Configuration [File Configuration.java 1676] - Hibernate Validator not found: ignoring
2013-04-08 15:29:09 [main] INFO org.hibernate.cfg.search.HibernateSearchEventListenerRegister [File HibernateSearchEventListenerRegister.java 75] - Unable to find org.hibernate.search.event.FullTextIndexEventListener on the classpath. Hibernate Search is not enabled.
2013-04-08 15:29:09 [main] INFO org.hibernate.connection.ConnectionProviderFactory [File ConnectionProviderFactory.java 173] - Initializing connection provider: org.hibernate.ejb.connection.InjectedDataSourceConnectionProvider
2013-04-08 15:29:09 [main] INFO org.hibernate.ejb.connection.InjectedDataSourceConnectionProvider [File InjectedDataSourceConnectionProvider.java 62] - Using provided datasource
2013-04-08 15:29:09 [main] INFO org.hibernate.dialect.Dialect [File Dialect.java 135] - Using dialect: org.hibernate.dialect.PostgreSQLDialect
2013-04-08 15:29:09 [main] INFO org.hibernate.engine.jdbc.JdbcSupportLoader [File JdbcSupportLoader.java 108] - Disabling contextual LOB creation as createClob() method threw error : java.lang.reflect.InvocationTargetException
2013-04-08 15:29:09 [main] INFO org.hibernate.cfg.SettingsFactory [File SettingsFactory.java 126] - Database ->
       name : MySQL
    version : 5.5.28
      major : 5
      minor : 5
2013-04-08 15:29:09 [main] INFO org.hibernate.cfg.SettingsFactory [File SettingsFactory.java 132] - Driver ->
       name : MySQL-AB JDBC Driver
    version : mysql-connector-java-5.1.24 ( Revision: ${bzr.revision-id} )
      major : 5
      minor : 1
2013-04-08 15:29:09 [main] INFO org.hibernate.transaction.TransactionFactoryFactory [File TransactionFactoryFactory.java 62] - Using default transaction strategy (direct JDBC transactions)
2013-04-08 15:29:09 [main] INFO org.hibernate.transaction.TransactionManagerLookupFactory [File TransactionManagerLookupFactory.java 83] - No TransactionManagerLookup configured (in JTA environment, use of read-write or transactional second-level cache is not recommended)
2013-04-08 15:29:09 [main] INFO org.hibernate.cfg.SettingsFactory [File SettingsFactory.java 179] - Automatic flush during beforeCompletion(): disabled
2013-04-08 15:29:09 [main] INFO org.hibernate.cfg.SettingsFactory [File SettingsFactory.java 183] - Automatic session close at end of transaction: disabled
2013-04-08 15:29:09 [main] INFO org.hibernate.cfg.SettingsFactory [File SettingsFactory.java 190] - JDBC batch size: 15
2013-04-08 15:29:09 [main] INFO org.hibernate.cfg.SettingsFactory [File SettingsFactory.java 193] - JDBC batch updates for versioned data: disabled
2013-04-08 15:29:09 [main] INFO org.hibernate.cfg.SettingsFactory [File SettingsFactory.java 198] - Scrollable result sets: enabled
2013-04-08 15:29:09 [main] INFO org.hibernate.cfg.SettingsFactory [File SettingsFactory.java 206] - JDBC3 getGeneratedKeys(): enabled
2013-04-08 15:29:09 [main] INFO org.hibernate.cfg.SettingsFactory [File SettingsFactory.java 214] - Connection release mode: auto
2013-04-08 15:29:09 [main] INFO org.hibernate.cfg.SettingsFactory [File SettingsFactory.java 241] - Default batch fetch size: 1
2013-04-08 15:29:09 [main] INFO org.hibernate.cfg.SettingsFactory [File SettingsFactory.java 245] - Generate SQL with comments: disabled
2013-04-08 15:29:09 [main] INFO org.hibernate.cfg.SettingsFactory [File SettingsFactory.java 249] - Order SQL updates by primary key: disabled
2013-04-08 15:29:09 [main] INFO org.hibernate.cfg.SettingsFactory [File SettingsFactory.java 253] - Order SQL inserts for batching: disabled
2013-04-08 15:29:09 [main] INFO org.hibernate.cfg.SettingsFactory [File SettingsFactory.java 431] - Query translator: org.hibernate.hql.ast.ASTQueryTranslatorFactory
2013-04-08 15:29:09 [main] INFO org.hibernate.hql.ast.ASTQueryTranslatorFactory [File ASTQueryTranslatorFactory.java 47] - Using ASTQueryTranslatorFactory
2013-04-08 15:29:09 [main] INFO org.hibernate.cfg.SettingsFactory [File SettingsFactory.java 261] - Query language substitutions: {}
2013-04-08 15:29:09 [main] INFO org.hibernate.cfg.SettingsFactory [File SettingsFactory.java 266] - JPA-QL strict compliance: enabled
2013-04-08 15:29:09 [main] INFO org.hibernate.cfg.SettingsFactory [File SettingsFactory.java 271] - Second-level cache: enabled
2013-04-08 15:29:09 [main] INFO org.hibernate.cfg.SettingsFactory [File SettingsFactory.java 275] - Query cache: disabled
2013-04-08 15:29:09 [main] INFO org.hibernate.cfg.SettingsFactory [File SettingsFactory.java 406] - Cache region factory : org.hibernate.cache.impl.NoCachingRegionFactory
2013-04-08 15:29:09 [main] INFO org.hibernate.cfg.SettingsFactory [File SettingsFactory.java 285] - Optimize cache for minimal puts: disabled
2013-04-08 15:29:09 [main] INFO org.hibernate.cfg.SettingsFactory [File SettingsFactory.java 294] - Structured second-level cache entries: disabled
2013-04-08 15:29:09 [main] INFO org.hibernate.cfg.SettingsFactory [File SettingsFactory.java 314] - Echoing all SQL to stdout
2013-04-08 15:29:09 [main] INFO org.hibernate.cfg.SettingsFactory [File SettingsFactory.java 323] - Statistics: disabled
2013-04-08 15:29:09 [main] INFO org.hibernate.cfg.SettingsFactory [File SettingsFactory.java 327] - Deleted entity synthetic identifier rollback: disabled
2013-04-08 15:29:09 [main] INFO org.hibernate.cfg.SettingsFactory [File SettingsFactory.java 343] - Default entity-mode: pojo
2013-04-08 15:29:09 [main] INFO org.hibernate.cfg.SettingsFactory [File SettingsFactory.java 347] - Named query checking : enabled
2013-04-08 15:29:09 [main] INFO org.hibernate.cfg.SettingsFactory [File SettingsFactory.java 351] - Check Nullability in Core (should be disabled when Bean Validation is on): enabled
2013-04-08 15:29:09 [main] INFO org.hibernate.impl.SessionFactoryImpl [File SessionFactoryImpl.java 202] - building session factory
2013-04-08 15:29:09 [main] INFO org.hibernate.type.BasicTypeRegistry [File BasicTypeRegistry.java 150] - Type registration [materialized_blob] overrides previous : org.hibernate.type.MaterializedBlobType@47fb70f5
2013-04-08 15:29:09 [main] INFO org.hibernate.impl.SessionFactoryObjectFactory [File SessionFactoryObjectFactory.java 105] - Not binding factory to JNDI, no JNDI name configured
2013-04-08 15:29:09 [main] INFO org.springframework.beans.factory.support.DefaultListableBeanFactory [File DefaultListableBeanFactory.java 596] - Pre-instantiating singletons in org.springframework.beans.factory.support.DefaultListableBeanFactory@28712258: defining beans [org.springframework.aop.config.internalAutoProxyCreator,com.googlecode.ehcache.annotations.key.CachingReflectionHelper,com.googlecode.ehcache.annotations.key.ListCacheKeyGenerator.DEFAULT_BEAN_NAME,com.googlecode.ehcache.annotations.key.HashCodeCacheKeyGenerator.DEFAULT_BEAN_NAME,com.googlecode.ehcache.annotations.key.MessageDigestCacheKeyGenerator.DEFAULT_BEAN_NAME,com.googlecode.ehcache.annotations.key.ReflectionHashCodeCacheKeyGenerator.DEFAULT_BEAN_NAME,com.googlecode.ehcache.annotations.key.StringCacheKeyGenerator.DEFAULT_BEAN_NAME,com.googlecode.ehcache.annotations.impl.CacheAttributeSourceImpl#0,com.googlecode.ehcache.annotations.impl.CacheStaticMethodMatcherPointcut#0,com.googlecode.ehcache.annotations.interceptor.EhCacheInterceptor#0,com.googlecode.ehcache.annotations.config.internalEhCacheCachingAdvisor,ehcacheMgr,dataSource,lazyDataSource,entityManagerFactory,txManager,txAdvice,interceptorPointCuts,org.springframework.aop.support.DefaultBeanFactoryPointcutAdvisor#0,propertyConfigurer,kaptchaProducer,org.springframework.beans.factory.annotation.AutowiredAnnotationBeanPostProcessor#0,org.springframework.context.annotation.internalConfigurationAnnotationProcessor,org.springframework.context.annotation.internalAutowiredAnnotationProcessor,org.springframework.context.annotation.internalRequiredAnnotationProcessor,org.springframework.context.annotation.internalCommonAnnotationProcessor,org.springframework.context.annotation.internalPersistenceAnnotationProcessor,org.springframework.context.annotation.ConfigurationClassPostProcessor.importAwareProcessor]; root of factory hierarchy
2013-04-08 15:29:09 [main] INFO org.springframework.web.context.ContextLoader [File ContextLoader.java 313] - Root WebApplicationContext: initialization completed in 3090 ms
2013-04-08 15:29:10 [main] INFO org.springframework.web.servlet.DispatcherServlet [File FrameworkServlet.java 454] - FrameworkServlet 'SpringMVC': initialization started
2013-04-08 15:29:10 [main] INFO org.springframework.web.context.support.XmlWebApplicationContext [File AbstractApplicationContext.java 510] - Refreshing WebApplicationContext for namespace 'SpringMVC-servlet': startup date [Mon Apr 08 15:29:10 CST 2013]; parent: Root WebApplicationContext
2013-04-08 15:29:10 [main] INFO org.springframework.beans.factory.xml.XmlBeanDefinitionReader [File XmlBeanDefinitionReader.java 315] - Loading XML bean definitions from class path resource [SpringMVC-servlet.xml]
2013-04-08 15:29:10 [main] INFO org.springframework.context.annotation.ClassPathBeanDefinitionScanner [File ClassPathScanningCandidateComponentProvider.java 222] - JSR-250 'javax.annotation.ManagedBean' found and supported for component scanning
2013-04-08 15:29:10 [main] INFO org.springframework.context.annotation.ClassPathBeanDefinitionScanner [File ClassPathScanningCandidateComponentProvider.java 230] - JSR-330 'javax.inject.Named' annotation found and supported for component scanning
2013-04-08 15:29:10 [main] INFO org.springframework.beans.factory.annotation.AutowiredAnnotationBeanPostProcessor [File AutowiredAnnotationBeanPostProcessor.java 140] - JSR-330 'javax.inject.Inject' annotation found and supported for autowiring
2013-04-08 15:29:10 [main] INFO org.springframework.beans.factory.support.DefaultListableBeanFactory [File DefaultListableBeanFactory.java 596] - Pre-instantiating singletons in org.springframework.beans.factory.support.DefaultListableBeanFactory@1b67cbc4: defining beans [org.springframework.web.servlet.mvc.annotation.AnnotationMethodHandlerAdapter#0,org.springframework.context.annotation.internalConfigurationAnnotationProcessor,org.springframework.context.annotation.internalAutowiredAnnotationProcessor,org.springframework.context.annotation.internalRequiredAnnotationProcessor,org.springframework.context.annotation.internalCommonAnnotationProcessor,org.springframework.context.annotation.internalPersistenceAnnotationProcessor,org.springframework.web.servlet.mvc.annotation.DefaultAnnotationHandlerMapping#0,org.springframework.web.servlet.mvc.annotation.AnnotationMethodHandlerAdapter#1,org.springframework.web.servlet.resource.DefaultServletHttpRequestHandler#0,org.springframework.web.servlet.handler.SimpleUrlHandlerMapping#0,org.springframework.web.servlet.handler.BeanNameUrlHandlerMapping,org.springframework.web.servlet.mvc.HttpRequestHandlerAdapter,org.springframework.web.servlet.mvc.SimpleControllerHandlerAdapter,jspView,org.springframework.context.annotation.ConfigurationClassPostProcessor.importAwareProcessor]; parent: org.springframework.beans.factory.support.DefaultListableBeanFactory@28712258
2013-04-08 15:29:10 [main] INFO org.springframework.web.servlet.handler.SimpleUrlHandlerMapping [File AbstractUrlHandlerMapping.java 315] - Mapped URL path [/**] onto handler 'org.springframework.web.servlet.resource.DefaultServletHttpRequestHandler#0'
2013-04-08 15:29:10 [main] INFO org.springframework.web.servlet.DispatcherServlet [File FrameworkServlet.java 473] - FrameworkServlet 'SpringMVC': initialization completed in 415 ms
