2013-04-09 09:34:48 [localhost-startStop-1] ERROR org.springframework.web.context.ContextLoader [File ContextLoader.java 319] - Context initialization failed
org.springframework.beans.factory.BeanCreationException: Error creating bean with name 'entityManagerFactory' defined in file [E:\GitHub\canditu\cmapweb\target\classes\spring\applicationContext-jdbc.xml]: Invocation of init method failed; nested exception is java.lang.NullPointerException
	at org.springframework.beans.factory.support.AbstractAutowireCapableBeanFactory.initializeBean(AbstractAutowireCapableBeanFactory.java:1488) ~[spring-beans-3.2.2.RELEASE.jar:3.2.2.RELEASE]
	at org.springframework.beans.factory.support.AbstractAutowireCapableBeanFactory.doCreateBean(AbstractAutowireCapableBeanFactory.java:524) ~[spring-beans-3.2.2.RELEASE.jar:3.2.2.RELEASE]
	at org.springframework.beans.factory.support.AbstractAutowireCapableBeanFactory.createBean(AbstractAutowireCapableBeanFactory.java:461) ~[spring-beans-3.2.2.RELEASE.jar:3.2.2.RELEASE]
	at org.springframework.beans.factory.support.AbstractBeanFactory$1.getObject(AbstractBeanFactory.java:295) ~[spring-beans-3.2.2.RELEASE.jar:3.2.2.RELEASE]
	at org.springframework.beans.factory.support.DefaultSingletonBeanRegistry.getSingleton(DefaultSingletonBeanRegistry.java:223) ~[spring-beans-3.2.2.RELEASE.jar:3.2.2.RELEASE]
	at org.springframework.beans.factory.support.AbstractBeanFactory.doGetBean(AbstractBeanFactory.java:292) ~[spring-beans-3.2.2.RELEASE.jar:3.2.2.RELEASE]
	at org.springframework.beans.factory.support.AbstractBeanFactory.getBean(AbstractBeanFactory.java:194) ~[spring-beans-3.2.2.RELEASE.jar:3.2.2.RELEASE]
	at org.springframework.context.support.AbstractApplicationContext.getBean(AbstractApplicationContext.java:1117) ~[spring-context-3.2.2.RELEASE.jar:3.2.2.RELEASE]
	at org.springframework.context.support.AbstractApplicationContext.finishBeanFactoryInitialization(AbstractApplicationContext.java:922) ~[spring-context-3.2.2.RELEASE.jar:3.2.2.RELEASE]
	at org.springframework.context.support.AbstractApplicationContext.refresh(AbstractApplicationContext.java:479) ~[spring-context-3.2.2.RELEASE.jar:3.2.2.RELEASE]
	at org.springframework.web.context.ContextLoader.configureAndRefreshWebApplicationContext(ContextLoader.java:389) ~[spring-web-3.2.2.RELEASE.jar:3.2.2.RELEASE]
	at org.springframework.web.context.ContextLoader.initWebApplicationContext(ContextLoader.java:294) ~[spring-web-3.2.2.RELEASE.jar:3.2.2.RELEASE]
	at org.springframework.web.context.ContextLoaderListener.contextInitialized(ContextLoaderListener.java:112) [spring-web-3.2.2.RELEASE.jar:3.2.2.RELEASE]
	at org.apache.catalina.core.StandardContext.listenerStart(StandardContext.java:4797) [tomcat-embed-core-7.0.37.jar:7.0.37]
	at org.apache.catalina.core.StandardContext.startInternal(StandardContext.java:5291) [tomcat-embed-core-7.0.37.jar:7.0.37]
	at org.apache.catalina.util.LifecycleBase.start(LifecycleBase.java:150) [tomcat-embed-core-7.0.37.jar:7.0.37]
	at org.apache.catalina.core.ContainerBase$StartChild.call(ContainerBase.java:1559) [tomcat-embed-core-7.0.37.jar:7.0.37]
	at org.apache.catalina.core.ContainerBase$StartChild.call(ContainerBase.java:1549) [tomcat-embed-core-7.0.37.jar:7.0.37]
	at java.util.concurrent.FutureTask$Sync.innerRun(FutureTask.java:334) [na:1.7.0_11]
	at java.util.concurrent.FutureTask.run(FutureTask.java:166) [na:1.7.0_11]
	at java.util.concurrent.ThreadPoolExecutor.runWorker(ThreadPoolExecutor.java:1110) [na:1.7.0_11]
	at java.util.concurrent.ThreadPoolExecutor$Worker.run(ThreadPoolExecutor.java:603) [na:1.7.0_11]
	at java.lang.Thread.run(Thread.java:722) [na:1.7.0_11]
Caused by: java.lang.NullPointerException: null
	at org.hibernate.cfg.SettingsFactory.buildSettings(SettingsFactory.java:169) ~[hibernate-core-3.6.9.Final.jar:3.6.9.Final]
	at org.hibernate.cfg.Configuration.buildSettingsInternal(Configuration.java:2863) ~[hibernate-core-3.6.9.Final.jar:3.6.9.Final]
	at org.hibernate.cfg.Configuration.buildSettings(Configuration.java:2859) ~[hibernate-core-3.6.9.Final.jar:3.6.9.Final]
	at org.hibernate.cfg.Configuration.buildSessionFactory(Configuration.java:1870) ~[hibernate-core-3.6.9.Final.jar:3.6.9.Final]
	at org.hibernate.ejb.Ejb3Configuration.buildEntityManagerFactory(Ejb3Configuration.java:906) ~[hibernate-entitymanager-3.6.9.Final.jar:3.6.9.Final]
	at org.hibernate.ejb.HibernatePersistence.createContainerEntityManagerFactory(HibernatePersistence.java:74) ~[hibernate-entitymanager-3.6.9.Final.jar:3.6.9.Final]
	at org.springframework.orm.jpa.LocalContainerEntityManagerFactoryBean.createNativeEntityManagerFactory(LocalContainerEntityManagerFactoryBean.java:288) ~[spring-orm-3.2.2.RELEASE.jar:3.2.2.RELEASE]
	at org.springframework.orm.jpa.AbstractEntityManagerFactoryBean.afterPropertiesSet(AbstractEntityManagerFactoryBean.java:310) ~[spring-orm-3.2.2.RELEASE.jar:3.2.2.RELEASE]
	at org.springframework.beans.factory.support.AbstractAutowireCapableBeanFactory.invokeInitMethods(AbstractAutowireCapableBeanFactory.java:1547) ~[spring-beans-3.2.2.RELEASE.jar:3.2.2.RELEASE]
	at org.springframework.beans.factory.support.AbstractAutowireCapableBeanFactory.initializeBean(AbstractAutowireCapableBeanFactory.java:1485) ~[spring-beans-3.2.2.RELEASE.jar:3.2.2.RELEASE]
	... 22 common frames omitted
2013-04-10 09:31:43 [http-bio-9090-exec-10] ERROR org.hibernate.util.JDBCExceptionReporter [File JDBCExceptionReporter.java 234] - Unknown column 'bldg0_.pinYin' in 'field list'
