2013-04-09 09:34:46 [localhost-startStop-1] WARN org.springframework.jdbc.datasource.LazyConnectionDataSourceProxy [File LazyConnectionDataSourceProxy.java 171] - Could not retrieve default auto-commit and transaction isolation settings
java.sql.SQLException: Unable to open a test connection to the given database. JDBC url = jdbc:mysql://localhost:3306/cmapdb?useUnicode=true&characterEncoding=UTF-8, username = cmap. Terminating connection pool. Original Exception: ------
java.sql.SQLException: Access denied for user 'cmap'@'localhost' (using password: YES)
	at com.mysql.jdbc.SQLError.createSQLException(SQLError.java:1078)
	at com.mysql.jdbc.MysqlIO.checkErrorPacket(MysqlIO.java:4120)
	at com.mysql.jdbc.MysqlIO.checkErrorPacket(MysqlIO.java:4052)
	at com.mysql.jdbc.MysqlIO.checkErrorPacket(MysqlIO.java:925)
	at com.mysql.jdbc.MysqlIO.proceedHandshakeWithPluggableAuthentication(MysqlIO.java:1704)
	at com.mysql.jdbc.MysqlIO.doHandshake(MysqlIO.java:1250)
	at com.mysql.jdbc.ConnectionImpl.coreConnect(ConnectionImpl.java:2483)
	at com.mysql.jdbc.ConnectionImpl.connectOneTryOnly(ConnectionImpl.java:2516)
	at com.mysql.jdbc.ConnectionImpl.createNewIO(ConnectionImpl.java:2301)
	at com.mysql.jdbc.ConnectionImpl.<init>(ConnectionImpl.java:834)
	at com.mysql.jdbc.JDBC4Connection.<init>(JDBC4Connection.java:47)
	at sun.reflect.NativeConstructorAccessorImpl.newInstance0(Native Method)
	at sun.reflect.NativeConstructorAccessorImpl.newInstance(NativeConstructorAccessorImpl.java:57)
	at sun.reflect.DelegatingConstructorAccessorImpl.newInstance(DelegatingConstructorAccessorImpl.java:45)
	at java.lang.reflect.Constructor.newInstance(Constructor.java:525)
	at com.mysql.jdbc.Util.handleNewInstance(Util.java:411)
	at com.mysql.jdbc.ConnectionImpl.getInstance(ConnectionImpl.java:416)
	at com.mysql.jdbc.NonRegisteringDriver.connect(NonRegisteringDriver.java:317)
	at java.sql.DriverManager.getConnection(DriverManager.java:579)
	at java.sql.DriverManager.getConnection(DriverManager.java:221)
	at com.jolbox.bonecp.BoneCP.obtainRawInternalConnection(BoneCP.java:256)
	at com.jolbox.bonecp.BoneCP.<init>(BoneCP.java:305)
	at com.jolbox.bonecp.BoneCPDataSource.maybeInit(BoneCPDataSource.java:150)
	at com.jolbox.bonecp.BoneCPDataSource.getConnection(BoneCPDataSource.java:112)
	at org.springframework.jdbc.datasource.LazyConnectionDataSourceProxy.afterPropertiesSet(LazyConnectionDataSourceProxy.java:162)
	at org.springframework.beans.factory.support.AbstractAutowireCapableBeanFactory.invokeInitMethods(AbstractAutowireCapableBeanFactory.java:1547)
	at org.springframework.beans.factory.support.AbstractAutowireCapableBeanFactory.initializeBean(AbstractAutowireCapableBeanFactory.java:1485)
	at org.springframework.beans.factory.support.AbstractAutowireCapableBeanFactory.doCreateBean(AbstractAutowireCapableBeanFactory.java:524)
	at org.springframework.beans.factory.support.AbstractAutowireCapableBeanFactory.createBean(AbstractAutowireCapableBeanFactory.java:461)
	at org.springframework.beans.factory.support.AbstractBeanFactory$1.getObject(AbstractBeanFactory.java:295)
	at org.springframework.beans.factory.support.DefaultSingletonBeanRegistry.getSingleton(DefaultSingletonBeanRegistry.java:223)
	at org.springframework.beans.factory.support.AbstractBeanFactory.doGetBean(AbstractBeanFactory.java:292)
	at org.springframework.beans.factory.support.AbstractBeanFactory.getBean(AbstractBeanFactory.java:194)
	at org.springframework.beans.factory.support.BeanDefinitionValueResolver.resolveReference(BeanDefinitionValueResolver.java:323)
	at org.springframework.beans.factory.support.BeanDefinitionValueResolver.resolveValueIfNecessary(BeanDefinitionValueResolver.java:107)
	at org.springframework.beans.factory.support.AbstractAutowireCapableBeanFactory.applyPropertyValues(AbstractAutowireCapableBeanFactory.java:1393)
	at org.springframework.beans.factory.support.AbstractAutowireCapableBeanFactory.populateBean(AbstractAutowireCapableBeanFactory.java:1134)
	at org.springframework.beans.factory.support.AbstractAutowireCapableBeanFactory.doCreateBean(AbstractAutowireCapableBeanFactory.java:522)
	at org.springframework.beans.factory.support.AbstractAutowireCapableBeanFactory.createBean(AbstractAutowireCapableBeanFactory.java:461)
	at org.springframework.beans.factory.support.AbstractBeanFactory$1.getObject(AbstractBeanFactory.java:295)
	at org.springframework.beans.factory.support.DefaultSingletonBeanRegistry.getSingleton(DefaultSingletonBeanRegistry.java:223)
	at org.springframework.beans.factory.support.AbstractBeanFactory.doGetBean(AbstractBeanFactory.java:292)
	at org.springframework.beans.factory.support.AbstractBeanFactory.getBean(AbstractBeanFactory.java:194)
	at org.springframework.context.support.AbstractApplicationContext.getBean(AbstractApplicationContext.java:1117)
	at org.springframework.context.support.AbstractApplicationContext.finishBeanFactoryInitialization(AbstractApplicationContext.java:922)
	at org.springframework.context.support.AbstractApplicationContext.refresh(AbstractApplicationContext.java:479)
	at org.springframework.web.context.ContextLoader.configureAndRefreshWebApplicationContext(ContextLoader.java:389)
	at org.springframework.web.context.ContextLoader.initWebApplicationContext(ContextLoader.java:294)
	at org.springframework.web.context.ContextLoaderListener.contextInitialized(ContextLoaderListener.java:112)
	at org.apache.catalina.core.StandardContext.listenerStart(StandardContext.java:4797)
	at org.apache.catalina.core.StandardContext.startInternal(StandardContext.java:5291)
	at org.apache.catalina.util.LifecycleBase.start(LifecycleBase.java:150)
	at org.apache.catalina.core.ContainerBase$StartChild.call(ContainerBase.java:1559)
	at org.apache.catalina.core.ContainerBase$StartChild.call(ContainerBase.java:1549)
	at java.util.concurrent.FutureTask$Sync.innerRun(FutureTask.java:334)
	at java.util.concurrent.FutureTask.run(FutureTask.java:166)
	at java.util.concurrent.ThreadPoolExecutor.runWorker(ThreadPoolExecutor.java:1110)
	at java.util.concurrent.ThreadPoolExecutor$Worker.run(ThreadPoolExecutor.java:603)
	at java.lang.Thread.run(Thread.java:722)
------

	at com.jolbox.bonecp.BoneCP.<init>(BoneCP.java:315) ~[bonecp-0.7.1.RELEASE-jdk5.jar:0.7.1.RELEASE]
	at com.jolbox.bonecp.BoneCPDataSource.maybeInit(BoneCPDataSource.java:150) ~[bonecp-0.7.1.RELEASE-jdk5.jar:0.7.1.RELEASE]
	at com.jolbox.bonecp.BoneCPDataSource.getConnection(BoneCPDataSource.java:112) ~[bonecp-0.7.1.RELEASE-jdk5.jar:0.7.1.RELEASE]
	at org.springframework.jdbc.datasource.LazyConnectionDataSourceProxy.afterPropertiesSet(LazyConnectionDataSourceProxy.java:162) ~[spring-jdbc-3.2.2.RELEASE.jar:3.2.2.RELEASE]
	at org.springframework.beans.factory.support.AbstractAutowireCapableBeanFactory.invokeInitMethods(AbstractAutowireCapableBeanFactory.java:1547) [spring-beans-3.2.2.RELEASE.jar:3.2.2.RELEASE]
	at org.springframework.beans.factory.support.AbstractAutowireCapableBeanFactory.initializeBean(AbstractAutowireCapableBeanFactory.java:1485) [spring-beans-3.2.2.RELEASE.jar:3.2.2.RELEASE]
	at org.springframework.beans.factory.support.AbstractAutowireCapableBeanFactory.doCreateBean(AbstractAutowireCapableBeanFactory.java:524) [spring-beans-3.2.2.RELEASE.jar:3.2.2.RELEASE]
	at org.springframework.beans.factory.support.AbstractAutowireCapableBeanFactory.createBean(AbstractAutowireCapableBeanFactory.java:461) [spring-beans-3.2.2.RELEASE.jar:3.2.2.RELEASE]
	at org.springframework.beans.factory.support.AbstractBeanFactory$1.getObject(AbstractBeanFactory.java:295) [spring-beans-3.2.2.RELEASE.jar:3.2.2.RELEASE]
	at org.springframework.beans.factory.support.DefaultSingletonBeanRegistry.getSingleton(DefaultSingletonBeanRegistry.java:223) [spring-beans-3.2.2.RELEASE.jar:3.2.2.RELEASE]
	at org.springframework.beans.factory.support.AbstractBeanFactory.doGetBean(AbstractBeanFactory.java:292) [spring-beans-3.2.2.RELEASE.jar:3.2.2.RELEASE]
	at org.springframework.beans.factory.support.AbstractBeanFactory.getBean(AbstractBeanFactory.java:194) [spring-beans-3.2.2.RELEASE.jar:3.2.2.RELEASE]
	at org.springframework.beans.factory.support.BeanDefinitionValueResolver.resolveReference(BeanDefinitionValueResolver.java:323) [spring-beans-3.2.2.RELEASE.jar:3.2.2.RELEASE]
	at org.springframework.beans.factory.support.BeanDefinitionValueResolver.resolveValueIfNecessary(BeanDefinitionValueResolver.java:107) [spring-beans-3.2.2.RELEASE.jar:3.2.2.RELEASE]
	at org.springframework.beans.factory.support.AbstractAutowireCapableBeanFactory.applyPropertyValues(AbstractAutowireCapableBeanFactory.java:1393) [spring-beans-3.2.2.RELEASE.jar:3.2.2.RELEASE]
	at org.springframework.beans.factory.support.AbstractAutowireCapableBeanFactory.populateBean(AbstractAutowireCapableBeanFactory.java:1134) [spring-beans-3.2.2.RELEASE.jar:3.2.2.RELEASE]
	at org.springframework.beans.factory.support.AbstractAutowireCapableBeanFactory.doCreateBean(AbstractAutowireCapableBeanFactory.java:522) [spring-beans-3.2.2.RELEASE.jar:3.2.2.RELEASE]
	at org.springframework.beans.factory.support.AbstractAutowireCapableBeanFactory.createBean(AbstractAutowireCapableBeanFactory.java:461) [spring-beans-3.2.2.RELEASE.jar:3.2.2.RELEASE]
	at org.springframework.beans.factory.support.AbstractBeanFactory$1.getObject(AbstractBeanFactory.java:295) [spring-beans-3.2.2.RELEASE.jar:3.2.2.RELEASE]
	at org.springframework.beans.factory.support.DefaultSingletonBeanRegistry.getSingleton(DefaultSingletonBeanRegistry.java:223) [spring-beans-3.2.2.RELEASE.jar:3.2.2.RELEASE]
	at org.springframework.beans.factory.support.AbstractBeanFactory.doGetBean(AbstractBeanFactory.java:292) [spring-beans-3.2.2.RELEASE.jar:3.2.2.RELEASE]
	at org.springframework.beans.factory.support.AbstractBeanFactory.getBean(AbstractBeanFactory.java:194) [spring-beans-3.2.2.RELEASE.jar:3.2.2.RELEASE]
	at org.springframework.context.support.AbstractApplicationContext.getBean(AbstractApplicationContext.java:1117) [spring-context-3.2.2.RELEASE.jar:3.2.2.RELEASE]
	at org.springframework.context.support.AbstractApplicationContext.finishBeanFactoryInitialization(AbstractApplicationContext.java:922) [spring-context-3.2.2.RELEASE.jar:3.2.2.RELEASE]
	at org.springframework.context.support.AbstractApplicationContext.refresh(AbstractApplicationContext.java:479) [spring-context-3.2.2.RELEASE.jar:3.2.2.RELEASE]
	at org.springframework.web.context.ContextLoader.configureAndRefreshWebApplicationContext(ContextLoader.java:389) [spring-web-3.2.2.RELEASE.jar:3.2.2.RELEASE]
	at org.springframework.web.context.ContextLoader.initWebApplicationContext(ContextLoader.java:294) [spring-web-3.2.2.RELEASE.jar:3.2.2.RELEASE]
	at org.springframework.web.context.ContextLoaderListener.contextInitialized(ContextLoaderListener.java:112) [spring-web-3.2.2.RELEASE.jar:3.2.2.RELEASE]
	at org.apache.catalina.core.StandardContext.listenerStart(StandardContext.java:4797) [tomcat-embed-core-7.0.37.jar:7.0.37]
	at org.apache.catalina.core.StandardContext.startInternal(StandardContext.java:5291) [tomcat-embed-core-7.0.37.jar:7.0.37]
	at org.apache.catalina.util.LifecycleBase.start(LifecycleBase.java:150) [tomcat-embed-core-7.0.37.jar:7.0.37]
	at org.apache.catalina.core.ContainerBase$StartChild.call(ContainerBase.java:1559) [tomcat-embed-core-7.0.37.jar:7.0.37]
	at org.apache.catalina.core.ContainerBase$StartChild.call(ContainerBase.java:1549) [tomcat-embed-core-7.0.37.jar:7.0.37]
	at java.util.concurrent.FutureTask$Sync.innerRun(FutureTask.java:334) [na:1.7.0_11]
	at java.util.concurrent.FutureTask.run(FutureTask.java:166) [na:1.7.0_11]
	at java.util.concurrent.ThreadPoolExecutor.runWorker(ThreadPoolExecutor.java:1110) [na:1.7.0_11]
	at java.util.concurrent.ThreadPoolExecutor$Worker.run(ThreadPoolExecutor.java:603) [na:1.7.0_11]
	at java.lang.Thread.run(Thread.java:722) [na:1.7.0_11]
2013-04-09 09:34:48 [localhost-startStop-1] WARN org.hibernate.cfg.SettingsFactory [File SettingsFactory.java 140] - Could not obtain connection metadata
java.sql.SQLException: Unable to open a test connection to the given database. JDBC url = jdbc:mysql://localhost:3306/cmapdb?useUnicode=true&characterEncoding=UTF-8, username = cmap. Terminating connection pool. Original Exception: ------
java.sql.SQLException: Access denied for user 'cmap'@'localhost' (using password: YES)
	at com.mysql.jdbc.SQLError.createSQLException(SQLError.java:1078)
	at com.mysql.jdbc.MysqlIO.checkErrorPacket(MysqlIO.java:4120)
	at com.mysql.jdbc.MysqlIO.checkErrorPacket(MysqlIO.java:4052)
	at com.mysql.jdbc.MysqlIO.checkErrorPacket(MysqlIO.java:925)
	at com.mysql.jdbc.MysqlIO.proceedHandshakeWithPluggableAuthentication(MysqlIO.java:1704)
	at com.mysql.jdbc.MysqlIO.doHandshake(MysqlIO.java:1250)
	at com.mysql.jdbc.ConnectionImpl.coreConnect(ConnectionImpl.java:2483)
	at com.mysql.jdbc.ConnectionImpl.connectOneTryOnly(ConnectionImpl.java:2516)
	at com.mysql.jdbc.ConnectionImpl.createNewIO(ConnectionImpl.java:2301)
	at com.mysql.jdbc.ConnectionImpl.<init>(ConnectionImpl.java:834)
	at com.mysql.jdbc.JDBC4Connection.<init>(JDBC4Connection.java:47)
	at sun.reflect.NativeConstructorAccessorImpl.newInstance0(Native Method)
	at sun.reflect.NativeConstructorAccessorImpl.newInstance(NativeConstructorAccessorImpl.java:57)
	at sun.reflect.DelegatingConstructorAccessorImpl.newInstance(DelegatingConstructorAccessorImpl.java:45)
	at java.lang.reflect.Constructor.newInstance(Constructor.java:525)
	at com.mysql.jdbc.Util.handleNewInstance(Util.java:411)
	at com.mysql.jdbc.ConnectionImpl.getInstance(ConnectionImpl.java:416)
	at com.mysql.jdbc.NonRegisteringDriver.connect(NonRegisteringDriver.java:317)
	at java.sql.DriverManager.getConnection(DriverManager.java:579)
	at java.sql.DriverManager.getConnection(DriverManager.java:221)
	at com.jolbox.bonecp.BoneCP.obtainRawInternalConnection(BoneCP.java:256)
	at com.jolbox.bonecp.BoneCP.<init>(BoneCP.java:305)
	at com.jolbox.bonecp.BoneCPDataSource.maybeInit(BoneCPDataSource.java:150)
	at com.jolbox.bonecp.BoneCPDataSource.getConnection(BoneCPDataSource.java:112)
	at org.springframework.jdbc.datasource.LazyConnectionDataSourceProxy$LazyConnectionInvocationHandler.getTargetConnection(LazyConnectionDataSourceProxy.java:400)
	at org.springframework.jdbc.datasource.LazyConnectionDataSourceProxy$LazyConnectionInvocationHandler.invoke(LazyConnectionDataSourceProxy.java:375)
	at $Proxy30.getMetaData(Unknown Source)
	at org.hibernate.cfg.SettingsFactory.buildSettings(SettingsFactory.java:115)
	at org.hibernate.cfg.Configuration.buildSettingsInternal(Configuration.java:2863)
	at org.hibernate.cfg.Configuration.buildSettings(Configuration.java:2859)
	at org.hibernate.cfg.Configuration.buildSessionFactory(Configuration.java:1870)
	at org.hibernate.ejb.Ejb3Configuration.buildEntityManagerFactory(Ejb3Configuration.java:906)
	at org.hibernate.ejb.HibernatePersistence.createContainerEntityManagerFactory(HibernatePersistence.java:74)
	at org.springframework.orm.jpa.LocalContainerEntityManagerFactoryBean.createNativeEntityManagerFactory(LocalContainerEntityManagerFactoryBean.java:288)
	at org.springframework.orm.jpa.AbstractEntityManagerFactoryBean.afterPropertiesSet(AbstractEntityManagerFactoryBean.java:310)
	at org.springframework.beans.factory.support.AbstractAutowireCapableBeanFactory.invokeInitMethods(AbstractAutowireCapableBeanFactory.java:1547)
	at org.springframework.beans.factory.support.AbstractAutowireCapableBeanFactory.initializeBean(AbstractAutowireCapableBeanFactory.java:1485)
	at org.springframework.beans.factory.support.AbstractAutowireCapableBeanFactory.doCreateBean(AbstractAutowireCapableBeanFactory.java:524)
	at org.springframework.beans.factory.support.AbstractAutowireCapableBeanFactory.createBean(AbstractAutowireCapableBeanFactory.java:461)
	at org.springframework.beans.factory.support.AbstractBeanFactory$1.getObject(AbstractBeanFactory.java:295)
	at org.springframework.beans.factory.support.DefaultSingletonBeanRegistry.getSingleton(DefaultSingletonBeanRegistry.java:223)
	at org.springframework.beans.factory.support.AbstractBeanFactory.doGetBean(AbstractBeanFactory.java:292)
	at org.springframework.beans.factory.support.AbstractBeanFactory.getBean(AbstractBeanFactory.java:194)
	at org.springframework.context.support.AbstractApplicationContext.getBean(AbstractApplicationContext.java:1117)
	at org.springframework.context.support.AbstractApplicationContext.finishBeanFactoryInitialization(AbstractApplicationContext.java:922)
	at org.springframework.context.support.AbstractApplicationContext.refresh(AbstractApplicationContext.java:479)
	at org.springframework.web.context.ContextLoader.configureAndRefreshWebApplicationContext(ContextLoader.java:389)
	at org.springframework.web.context.ContextLoader.initWebApplicationContext(ContextLoader.java:294)
	at org.springframework.web.context.ContextLoaderListener.contextInitialized(ContextLoaderListener.java:112)
	at org.apache.catalina.core.StandardContext.listenerStart(StandardContext.java:4797)
	at org.apache.catalina.core.StandardContext.startInternal(StandardContext.java:5291)
	at org.apache.catalina.util.LifecycleBase.start(LifecycleBase.java:150)
	at org.apache.catalina.core.ContainerBase$StartChild.call(ContainerBase.java:1559)
	at org.apache.catalina.core.ContainerBase$StartChild.call(ContainerBase.java:1549)
	at java.util.concurrent.FutureTask$Sync.innerRun(FutureTask.java:334)
	at java.util.concurrent.FutureTask.run(FutureTask.java:166)
	at java.util.concurrent.ThreadPoolExecutor.runWorker(ThreadPoolExecutor.java:1110)
	at java.util.concurrent.ThreadPoolExecutor$Worker.run(ThreadPoolExecutor.java:603)
	at java.lang.Thread.run(Thread.java:722)
------

	at com.jolbox.bonecp.BoneCP.<init>(BoneCP.java:315) ~[bonecp-0.7.1.RELEASE-jdk5.jar:0.7.1.RELEASE]
	at com.jolbox.bonecp.BoneCPDataSource.maybeInit(BoneCPDataSource.java:150) ~[bonecp-0.7.1.RELEASE-jdk5.jar:0.7.1.RELEASE]
	at com.jolbox.bonecp.BoneCPDataSource.getConnection(BoneCPDataSource.java:112) ~[bonecp-0.7.1.RELEASE-jdk5.jar:0.7.1.RELEASE]
	at org.springframework.jdbc.datasource.LazyConnectionDataSourceProxy$LazyConnectionInvocationHandler.getTargetConnection(LazyConnectionDataSourceProxy.java:400) ~[spring-jdbc-3.2.2.RELEASE.jar:3.2.2.RELEASE]
	at org.springframework.jdbc.datasource.LazyConnectionDataSourceProxy$LazyConnectionInvocationHandler.invoke(LazyConnectionDataSourceProxy.java:375) ~[spring-jdbc-3.2.2.RELEASE.jar:3.2.2.RELEASE]
	at $Proxy30.getMetaData(Unknown Source) ~[na:na]
	at org.hibernate.cfg.SettingsFactory.buildSettings(SettingsFactory.java:115) ~[hibernate-core-3.6.9.Final.jar:3.6.9.Final]
	at org.hibernate.cfg.Configuration.buildSettingsInternal(Configuration.java:2863) [hibernate-core-3.6.9.Final.jar:3.6.9.Final]
	at org.hibernate.cfg.Configuration.buildSettings(Configuration.java:2859) [hibernate-core-3.6.9.Final.jar:3.6.9.Final]
	at org.hibernate.cfg.Configuration.buildSessionFactory(Configuration.java:1870) [hibernate-core-3.6.9.Final.jar:3.6.9.Final]
	at org.hibernate.ejb.Ejb3Configuration.buildEntityManagerFactory(Ejb3Configuration.java:906) [hibernate-entitymanager-3.6.9.Final.jar:3.6.9.Final]
	at org.hibernate.ejb.HibernatePersistence.createContainerEntityManagerFactory(HibernatePersistence.java:74) [hibernate-entitymanager-3.6.9.Final.jar:3.6.9.Final]
	at org.springframework.orm.jpa.LocalContainerEntityManagerFactoryBean.createNativeEntityManagerFactory(LocalContainerEntityManagerFactoryBean.java:288) [spring-orm-3.2.2.RELEASE.jar:3.2.2.RELEASE]
	at org.springframework.orm.jpa.AbstractEntityManagerFactoryBean.afterPropertiesSet(AbstractEntityManagerFactoryBean.java:310) [spring-orm-3.2.2.RELEASE.jar:3.2.2.RELEASE]
	at org.springframework.beans.factory.support.AbstractAutowireCapableBeanFactory.invokeInitMethods(AbstractAutowireCapableBeanFactory.java:1547) [spring-beans-3.2.2.RELEASE.jar:3.2.2.RELEASE]
	at org.springframework.beans.factory.support.AbstractAutowireCapableBeanFactory.initializeBean(AbstractAutowireCapableBeanFactory.java:1485) [spring-beans-3.2.2.RELEASE.jar:3.2.2.RELEASE]
	at org.springframework.beans.factory.support.AbstractAutowireCapableBeanFactory.doCreateBean(AbstractAutowireCapableBeanFactory.java:524) [spring-beans-3.2.2.RELEASE.jar:3.2.2.RELEASE]
	at org.springframework.beans.factory.support.AbstractAutowireCapableBeanFactory.createBean(AbstractAutowireCapableBeanFactory.java:461) [spring-beans-3.2.2.RELEASE.jar:3.2.2.RELEASE]
	at org.springframework.beans.factory.support.AbstractBeanFactory$1.getObject(AbstractBeanFactory.java:295) [spring-beans-3.2.2.RELEASE.jar:3.2.2.RELEASE]
	at org.springframework.beans.factory.support.DefaultSingletonBeanRegistry.getSingleton(DefaultSingletonBeanRegistry.java:223) [spring-beans-3.2.2.RELEASE.jar:3.2.2.RELEASE]
	at org.springframework.beans.factory.support.AbstractBeanFactory.doGetBean(AbstractBeanFactory.java:292) [spring-beans-3.2.2.RELEASE.jar:3.2.2.RELEASE]
	at org.springframework.beans.factory.support.AbstractBeanFactory.getBean(AbstractBeanFactory.java:194) [spring-beans-3.2.2.RELEASE.jar:3.2.2.RELEASE]
	at org.springframework.context.support.AbstractApplicationContext.getBean(AbstractApplicationContext.java:1117) [spring-context-3.2.2.RELEASE.jar:3.2.2.RELEASE]
	at org.springframework.context.support.AbstractApplicationContext.finishBeanFactoryInitialization(AbstractApplicationContext.java:922) [spring-context-3.2.2.RELEASE.jar:3.2.2.RELEASE]
	at org.springframework.context.support.AbstractApplicationContext.refresh(AbstractApplicationContext.java:479) [spring-context-3.2.2.RELEASE.jar:3.2.2.RELEASE]
	at org.springframework.web.context.ContextLoader.configureAndRefreshWebApplicationContext(ContextLoader.java:389) [spring-web-3.2.2.RELEASE.jar:3.2.2.RELEASE]
	at org.springframework.web.context.ContextLoader.initWebApplicationContext(ContextLoader.java:294) [spring-web-3.2.2.RELEASE.jar:3.2.2.RELEASE]
	at org.springframework.web.context.ContextLoaderListener.contextInitialized(ContextLoaderListener.java:112) [spring-web-3.2.2.RELEASE.jar:3.2.2.RELEASE]
	at org.apache.catalina.core.StandardContext.listenerStart(StandardContext.java:4797) [tomcat-embed-core-7.0.37.jar:7.0.37]
	at org.apache.catalina.core.StandardContext.startInternal(StandardContext.java:5291) [tomcat-embed-core-7.0.37.jar:7.0.37]
	at org.apache.catalina.util.LifecycleBase.start(LifecycleBase.java:150) [tomcat-embed-core-7.0.37.jar:7.0.37]
	at org.apache.catalina.core.ContainerBase$StartChild.call(ContainerBase.java:1559) [tomcat-embed-core-7.0.37.jar:7.0.37]
	at org.apache.catalina.core.ContainerBase$StartChild.call(ContainerBase.java:1549) [tomcat-embed-core-7.0.37.jar:7.0.37]
	at java.util.concurrent.FutureTask$Sync.innerRun(FutureTask.java:334) [na:1.7.0_11]
	at java.util.concurrent.FutureTask.run(FutureTask.java:166) [na:1.7.0_11]
	at java.util.concurrent.ThreadPoolExecutor.runWorker(ThreadPoolExecutor.java:1110) [na:1.7.0_11]
	at java.util.concurrent.ThreadPoolExecutor$Worker.run(ThreadPoolExecutor.java:603) [na:1.7.0_11]
	at java.lang.Thread.run(Thread.java:722) [na:1.7.0_11]
2013-04-09 09:34:48 [localhost-startStop-1] ERROR org.springframework.web.context.ContextLoader [File ContextLoader.java 319] - Context initialization failed
org.springframework.beans.factory.BeanCreationException: Error creating bean with name 'entityManagerFactory' defined in file [E:\GitHub\canditu\cmapweb\target\classes\spring\applicationContext-jdbc.xml]: Invocation of init method failed; nested exception is java.lang.NullPointerException
	at org.springframework.beans.factory.support.AbstractAutowireCapableBeanFactory.initializeBean(AbstractAutowireCapableBeanFactory.java:1488) ~[spring-beans-3.2.2.RELEASE.jar:3.2.2.RELEASE]
	at org.springframework.beans.factory.support.AbstractAutowireCapableBeanFactory.doCreateBean(AbstractAutowireCapableBeanFactory.java:524) ~[spring-beans-3.2.2.RELEASE.jar:3.2.2.RELEASE]
	at org.springframework.beans.factory.support.AbstractAutowireCapableBeanFactory.createBean(AbstractAutowireCapableBeanFactory.java:461) ~[spring-beans-3.2.2.RELEASE.jar:3.2.2.RELEASE]
	at org.springframework.beans.factory.support.AbstractBeanFactory$1.getObject(AbstractBeanFactory.java:295) ~[spring-beans-3.2.2.RELEASE.jar:3.2.2.RELEASE]
	at org.springframework.beans.factory.support.DefaultSingletonBeanRegistry.getSingleton(DefaultSingletonBeanRegistry.java:223) ~[spring-beans-3.2.2.RELEASE.jar:3.2.2.RELEASE]
	at org.springframework.beans.factory.support.AbstractBeanFactory.doGetBean(AbstractBeanFactory.java:292) ~[spring-beans-3.2.2.RELEASE.jar:3.2.2.RELEASE]
	at org.springframework.beans.factory.support.AbstractBeanFactory.getBean(AbstractBeanFactory.java:194) ~[spring-beans-3.2.2.RELEASE.jar:3.2.2.RELEASE]
	at org.springframework.context.support.AbstractApplicationContext.getBean(AbstractApplicationContext.java:1117) ~[spring-context-3.2.2.RELEASE.jar:3.2.2.RELEASE]
	at org.springframework.context.support.AbstractApplicationContext.finishBeanFactoryInitialization(AbstractApplicationContext.java:922) ~[spring-context-3.2.2.RELEASE.jar:3.2.2.RELEASE]
	at org.springframework.context.support.AbstractApplicationContext.refresh(AbstractApplicationContext.java:479) ~[spring-context-3.2.2.RELEASE.jar:3.2.2.RELEASE]
	at org.springframework.web.context.ContextLoader.configureAndRefreshWebApplicationContext(ContextLoader.java:389) ~[spring-web-3.2.2.RELEASE.jar:3.2.2.RELEASE]
	at org.springframework.web.context.ContextLoader.initWebApplicationContext(ContextLoader.java:294) ~[spring-web-3.2.2.RELEASE.jar:3.2.2.RELEASE]
	at org.springframework.web.context.ContextLoaderListener.contextInitialized(ContextLoaderListener.java:112) [spring-web-3.2.2.RELEASE.jar:3.2.2.RELEASE]
	at org.apache.catalina.core.StandardContext.listenerStart(StandardContext.java:4797) [tomcat-embed-core-7.0.37.jar:7.0.37]
	at org.apache.catalina.core.StandardContext.startInternal(StandardContext.java:5291) [tomcat-embed-core-7.0.37.jar:7.0.37]
	at org.apache.catalina.util.LifecycleBase.start(LifecycleBase.java:150) [tomcat-embed-core-7.0.37.jar:7.0.37]
	at org.apache.catalina.core.ContainerBase$StartChild.call(ContainerBase.java:1559) [tomcat-embed-core-7.0.37.jar:7.0.37]
	at org.apache.catalina.core.ContainerBase$StartChild.call(ContainerBase.java:1549) [tomcat-embed-core-7.0.37.jar:7.0.37]
	at java.util.concurrent.FutureTask$Sync.innerRun(FutureTask.java:334) [na:1.7.0_11]
	at java.util.concurrent.FutureTask.run(FutureTask.java:166) [na:1.7.0_11]
	at java.util.concurrent.ThreadPoolExecutor.runWorker(ThreadPoolExecutor.java:1110) [na:1.7.0_11]
	at java.util.concurrent.ThreadPoolExecutor$Worker.run(ThreadPoolExecutor.java:603) [na:1.7.0_11]
	at java.lang.Thread.run(Thread.java:722) [na:1.7.0_11]
Caused by: java.lang.NullPointerException: null
	at org.hibernate.cfg.SettingsFactory.buildSettings(SettingsFactory.java:169) ~[hibernate-core-3.6.9.Final.jar:3.6.9.Final]
	at org.hibernate.cfg.Configuration.buildSettingsInternal(Configuration.java:2863) ~[hibernate-core-3.6.9.Final.jar:3.6.9.Final]
	at org.hibernate.cfg.Configuration.buildSettings(Configuration.java:2859) ~[hibernate-core-3.6.9.Final.jar:3.6.9.Final]
	at org.hibernate.cfg.Configuration.buildSessionFactory(Configuration.java:1870) ~[hibernate-core-3.6.9.Final.jar:3.6.9.Final]
	at org.hibernate.ejb.Ejb3Configuration.buildEntityManagerFactory(Ejb3Configuration.java:906) ~[hibernate-entitymanager-3.6.9.Final.jar:3.6.9.Final]
	at org.hibernate.ejb.HibernatePersistence.createContainerEntityManagerFactory(HibernatePersistence.java:74) ~[hibernate-entitymanager-3.6.9.Final.jar:3.6.9.Final]
	at org.springframework.orm.jpa.LocalContainerEntityManagerFactoryBean.createNativeEntityManagerFactory(LocalContainerEntityManagerFactoryBean.java:288) ~[spring-orm-3.2.2.RELEASE.jar:3.2.2.RELEASE]
	at org.springframework.orm.jpa.AbstractEntityManagerFactoryBean.afterPropertiesSet(AbstractEntityManagerFactoryBean.java:310) ~[spring-orm-3.2.2.RELEASE.jar:3.2.2.RELEASE]
	at org.springframework.beans.factory.support.AbstractAutowireCapableBeanFactory.invokeInitMethods(AbstractAutowireCapableBeanFactory.java:1547) ~[spring-beans-3.2.2.RELEASE.jar:3.2.2.RELEASE]
	at org.springframework.beans.factory.support.AbstractAutowireCapableBeanFactory.initializeBean(AbstractAutowireCapableBeanFactory.java:1485) ~[spring-beans-3.2.2.RELEASE.jar:3.2.2.RELEASE]
	... 22 common frames omitted
